  [1m[36m (0.3ms)[0m  [1mrollback transaction[0m
  [1m[36m (0.2ms)[0m  [1mbegin transaction[0m
  [1m[35m (0.1ms)[0m  rollback transaction
  [1m[36m (0.2ms)[0m  [1mbegin transaction[0m
  [1m[35m (0.1ms)[0m  rollback transaction
  [1m[36m (0.2ms)[0m  [1mbegin transaction[0m
  [1m[35m (0.1ms)[0m  rollback transaction
  [1m[36m (0.2ms)[0m  [1mbegin transaction[0m
  [1m[35m (0.1ms)[0m  rollback transaction
  [1m[36m (0.2ms)[0m  [1mbegin transaction[0m
  [1m[35m (0.1ms)[0m  rollback transaction
  [1m[36m (0.2ms)[0m  [1mbegin transaction[0m
  [1m[35m (0.1ms)[0m  rollback transaction
  [1m[36m (0.2ms)[0m  [1mbegin transaction[0m
  [1m[35mModel Load (0.1ms)[0m  SELECT  "models".* FROM "models"  ORDER BY "models"."id" ASC LIMIT 1
  [1m[36m (0.0ms)[0m  [1mrollback transaction[0m
  [1m[35m (0.0ms)[0m  begin transaction
  [1m[36m (0.0ms)[0m  [1mrollback transaction[0m
  [1m[36m (0.4ms)[0m  [1mbegin transaction[0m
  [1m[35m (0.1ms)[0m  rollback transaction
  [1m[36m (0.3ms)[0m  [1mbegin transaction[0m
  [1m[35m (0.1ms)[0m  rollback transaction
  [1m[36m (0.3ms)[0m  [1mbegin transaction[0m
  [1m[35mModel Load (0.1ms)[0m  SELECT  "models".* FROM "models"  ORDER BY "models"."id" ASC LIMIT 1
  [1m[36m (0.0ms)[0m  [1mrollback transaction[0m
  [1m[35m (0.0ms)[0m  begin transaction
  [1m[36m (0.0ms)[0m  [1mrollback transaction[0m
  [1m[36m (0.3ms)[0m  [1mbegin transaction[0m
  [1m[35m (0.1ms)[0m  rollback transaction
  [1m[36m (0.3ms)[0m  [1mbegin transaction[0m
  [1m[35m (0.1ms)[0m  rollback transaction
  [1m[36m (0.4ms)[0m  [1mbegin transaction[0m
  [1m[35mModel Load (0.1ms)[0m  SELECT  "models".* FROM "models"  ORDER BY "models"."id" ASC LIMIT 1
  [1m[36m (0.1ms)[0m  [1mrollback transaction[0m
  [1m[35m (0.0ms)[0m  begin transaction
  [1m[36m (0.0ms)[0m  [1mrollback transaction[0m
  [1m[36m (0.4ms)[0m  [1mbegin transaction[0m
  [1m[35m (0.1ms)[0m  rollback transaction
  [1m[36m (0.3ms)[0m  [1mbegin transaction[0m
  [1m[35m (0.1ms)[0m  rollback transaction
  [1m[36m (0.3ms)[0m  [1mbegin transaction[0m
  [1m[35mModel Load (0.1ms)[0m  SELECT  "models".* FROM "models"  ORDER BY "models"."id" ASC LIMIT 1
  [1m[36m (0.1ms)[0m  [1mrollback transaction[0m
  [1m[35m (0.0ms)[0m  begin transaction
  [1m[36m (0.0ms)[0m  [1mrollback transaction[0m
  [1m[36m (0.3ms)[0m  [1mbegin transaction[0m
  [1m[35m (0.1ms)[0m  rollback transaction
  [1m[36m (0.3ms)[0m  [1mbegin transaction[0m
  [1m[35m (0.1ms)[0m  rollback transaction
  [1m[36m (0.3ms)[0m  [1mbegin transaction[0m
  [1m[35mModel Load (0.1ms)[0m  SELECT  "models".* FROM "models"  ORDER BY "models"."id" ASC LIMIT 1
  [1m[36m (0.0ms)[0m  [1mrollback transaction[0m
  [1m[35m (0.0ms)[0m  begin transaction
  [1m[36m (0.0ms)[0m  [1mrollback transaction[0m
  [1m[36m (0.3ms)[0m  [1mbegin transaction[0m
  [1m[35m (0.1ms)[0m  rollback transaction
  [1m[36m (0.3ms)[0m  [1mbegin transaction[0m
  [1m[35m (0.1ms)[0m  rollback transaction
  [1m[36m (0.3ms)[0m  [1mbegin transaction[0m
  [1m[35mModel Load (0.1ms)[0m  SELECT  "models".* FROM "models"  ORDER BY "models"."id" ASC LIMIT 1
  [1m[36m (0.0ms)[0m  [1mrollback transaction[0m
  [1m[35m (0.0ms)[0m  begin transaction
  [1m[36m (0.0ms)[0m  [1mrollback transaction[0m
  [1m[36m (0.5ms)[0m  [1mbegin transaction[0m
  [1m[35m (0.1ms)[0m  rollback transaction
  [1m[36m (0.3ms)[0m  [1mbegin transaction[0m
  [1m[35m (0.1ms)[0m  rollback transaction
  [1m[36m (0.3ms)[0m  [1mbegin transaction[0m
  [1m[35mModel Load (0.1ms)[0m  SELECT  "models".* FROM "models"  ORDER BY "models"."id" ASC LIMIT 1
  [1m[36m (0.1ms)[0m  [1mrollback transaction[0m
  [1m[35m (0.0ms)[0m  begin transaction
  [1m[36m (0.0ms)[0m  [1mrollback transaction[0m
  [1m[36m (0.3ms)[0m  [1mbegin transaction[0m
  [1m[35m (0.1ms)[0m  rollback transaction
  [1m[36m (0.3ms)[0m  [1mbegin transaction[0m
  [1m[35m (0.1ms)[0m  rollback transaction
  [1m[36m (0.3ms)[0m  [1mbegin transaction[0m
  [1m[35mModel Load (0.1ms)[0m  SELECT  "models".* FROM "models"  ORDER BY "models"."id" ASC LIMIT 1
  [1m[36m (0.0ms)[0m  [1mrollback transaction[0m
  [1m[35m (0.0ms)[0m  begin transaction
  [1m[36m (0.0ms)[0m  [1mrollback transaction[0m
  [1m[36m (0.3ms)[0m  [1mbegin transaction[0m
  [1m[35m (0.1ms)[0m  rollback transaction
  [1m[36m (0.3ms)[0m  [1mbegin transaction[0m
  [1m[35m (0.1ms)[0m  rollback transaction
  [1m[36m (0.3ms)[0m  [1mbegin transaction[0m
  [1m[35mModel Load (0.1ms)[0m  SELECT  "models".* FROM "models"  ORDER BY "models"."id" ASC LIMIT 1
  [1m[36m (0.0ms)[0m  [1mrollback transaction[0m
  [1m[35m (0.0ms)[0m  begin transaction
  [1m[36m (0.0ms)[0m  [1mrollback transaction[0m
  [1m[36m (0.3ms)[0m  [1mbegin transaction[0m
  [1m[35m (0.1ms)[0m  rollback transaction
  [1m[36m (0.4ms)[0m  [1mbegin transaction[0m
  [1m[35m (0.1ms)[0m  rollback transaction
  [1m[36m (0.4ms)[0m  [1mbegin transaction[0m
  [1m[35mModel Load (0.1ms)[0m  SELECT  "models".* FROM "models"  ORDER BY "models"."id" ASC LIMIT 1
  [1m[36m (0.1ms)[0m  [1mrollback transaction[0m
  [1m[35m (0.0ms)[0m  begin transaction
  [1m[36m (0.0ms)[0m  [1mrollback transaction[0m
  [1m[36m (0.3ms)[0m  [1mbegin transaction[0m
  [1m[35m (0.1ms)[0m  rollback transaction
  [1m[36m (0.3ms)[0m  [1mbegin transaction[0m
  [1m[35m (0.1ms)[0m  rollback transaction
  [1m[36m (0.3ms)[0m  [1mbegin transaction[0m
  [1m[35mModel Load (0.1ms)[0m  SELECT  "models".* FROM "models"  ORDER BY "models"."id" ASC LIMIT 1
  [1m[36m (0.0ms)[0m  [1mrollback transaction[0m
  [1m[35m (0.0ms)[0m  begin transaction
  [1m[36m (0.0ms)[0m  [1mrollback transaction[0m
